Arguments: 
  /usr/local/bin/node /usr/local/Cellar/yarn/1.22.10/libexec/bin/yarn.js

PATH: 
  /usr/local/bin:/usr/bin:/bin:/usr/sbin:/sbin:/Library/Apple/usr/bin:/Users/gxm/soft/gradle-6.5.1/bin:/Users/gxm/Library/Android/sdk/tools/bin:/Users/gxm/Library/Android/sdk/tools:/Users/gxm/Library/Android/sdk/platform-tools:/Library/Java/JavaVirtualMachines/jdk1.8.0_261.jdk/Contents/Home/bin

Yarn version: 
  1.22.10

Node version: 
  14.16.0

Platform: 
  darwin x64

Trace: 
  Error: https://github.com/Microsoft/definitelytyped-header-parser: ESOCKETTIMEDOUT
      at ClientRequest.<anonymous> (/usr/local/Cellar/yarn/1.22.10/libexec/lib/cli.js:141376:19)
      at Object.onceWrapper (events.js:421:28)
      at ClientRequest.emit (events.js:315:20)
      at TLSSocket.emitRequestTimeout (_http_client.js:784:9)
      at Object.onceWrapper (events.js:421:28)
      at TLSSocket.emit (events.js:327:22)
      at TLSSocket.Socket._onTimeout (net.js:483:8)
      at listOnTimeout (internal/timers.js:554:17)
      at processTimers (internal/timers.js:497:7)

npm manifest: 
  {
    "name": "dragonbones-phaser",
    "version": "5.6.2",
    "main": "./out/dragonBones.js",
    "scripts": {
      "build": "tsc && uglifyjs ./out/dragonBones.js -o ./out/dragonBones.min.js -m"
    },
    "devDependencies": {
      "typescript": "^2.4.2",
      "uglify-js": "^3.0.26"
    },
    "dependencies": {
      "dtslint": "^0.3.0"
    }
  }

yarn manifest: 
  No manifest

Lockfile: 
  # THIS IS AN AUTOGENERATED FILE. DO NOT EDIT THIS FILE DIRECTLY.
  # yarn lockfile v1
  
  
  "@babel/code-frame@^7.0.0":
    version "7.12.13"
    resolved "https://registry.npm.taobao.org/@babel/code-frame/download/@babel/code-frame-7.12.13.tgz#dcfc826beef65e75c50e21d3837d7d95798dd658"
    integrity sha1-3PyCa+72XnXFDiHTg319lXmN1lg=
    dependencies:
      "@babel/highlight" "^7.12.13"
  
  "@babel/helper-validator-identifier@^7.14.0":
    version "7.14.0"
    resolved "https://registry.nlark.com/@babel/helper-validator-identifier/download/@babel/helper-validator-identifier-7.14.0.tgz?cache=0&sync_timestamp=1619727549370&other_urls=https%3A%2F%2Fregistry.nlark.com%2F%40babel%2Fhelper-validator-identifier%2Fdownload%2F%40babel%2Fhelper-validator-identifier-7.14.0.tgz#d26cad8a47c65286b15df1547319a5d0bcf27288"
    integrity sha1-0mytikfGUoaxXfFUcxml0Lzycog=
  
  "@babel/highlight@^7.12.13":
    version "7.14.0"
    resolved "https://registry.nlark.com/@babel/highlight/download/@babel/highlight-7.14.0.tgz#3197e375711ef6bf834e67d0daec88e4f46113cf"
    integrity sha1-MZfjdXEe9r+DTmfQ2uyI5PRhE88=
    dependencies:
      "@babel/helper-validator-identifier" "^7.14.0"
      chalk "^2.0.0"
      js-tokens "^4.0.0"
  
  "@types/parsimmon@^1.3.0":
    version "1.10.6"
    resolved "https://registry.nlark.com/@types/parsimmon/download/@types/parsimmon-1.10.6.tgz#8fcf95990514d2a7624aa5f630c13bf2427f9cdd"
    integrity sha1-j8+VmQUU0qdiSqX2MME78kJ/nN0=
  
  ansi-styles@^3.2.1:
    version "3.2.1"
    resolved "https://registry.nlark.com/ansi-styles/download/ansi-styles-3.2.1.tgz?cache=0&sync_timestamp=1618995588464&other_urls=https%3A%2F%2Fregistry.nlark.com%2Fansi-styles%2Fdownload%2Fansi-styles-3.2.1.tgz#41fbb20243e50b12be0f04b8dedbf07520ce841d"
    integrity sha1-QfuyAkPlCxK+DwS43tvwdSDOhB0=
    dependencies:
      color-convert "^1.9.0"
  
  any-promise@^1.0.0, any-promise@^1.3.0:
    version "1.3.0"
    resolved "https://registry.npm.taobao.org/any-promise/download/any-promise-1.3.0.tgz#abc6afeedcea52e809cdc0376aed3ce39635d17f"
    integrity sha1-q8av7tzqUugJzcA3au0845Y10X8=
  
  argparse@^1.0.7:
    version "1.0.10"
    resolved "https://registry.npm.taobao.org/argparse/download/argparse-1.0.10.tgz#bcd6791ea5ae09725e17e5ad988134cd40b3d911"
    integrity sha1-vNZ5HqWuCXJeF+WtmIE0zUCz2RE=
    dependencies:
      sprintf-js "~1.0.2"
  
  balanced-match@^1.0.0:
    version "1.0.2"
    resolved "https://registry.npm.taobao.org/balanced-match/download/balanced-match-1.0.2.tgz?cache=0&sync_timestamp=1617714298273&other_urls=https%3A%2F%2Fregistry.npm.taobao.org%2Fbalanced-match%2Fdownload%2Fbalanced-match-1.0.2.tgz#e83e3a7e3f300b34cb9d87f615fa0cbf357690ee"
    integrity sha1-6D46fj8wCzTLnYf2FfoMvzV2kO4=
  
  brace-expansion@^1.1.7:
    version "1.1.11"
    resolved "https://registry.npm.taobao.org/brace-expansion/download/brace-expansion-1.1.11.tgz?cache=0&sync_timestamp=1614010713935&other_urls=https%3A%2F%2Fregistry.npm.taobao.org%2Fbrace-expansion%2Fdownload%2Fbrace-expansion-1.1.11.tgz#3c7fcbf529d87226f3d2f52b966ff5271eb441dd"
    integrity sha1-PH/L9SnYcibz0vUrlm/1Jx60Qd0=
    dependencies:
      balanced-match "^1.0.0"
      concat-map "0.0.1"
  
  builtin-modules@^1.1.1:
    version "1.1.1"
    resolved "https://registry.npm.taobao.org/builtin-modules/download/builtin-modules-1.1.1.tgz?cache=0&sync_timestamp=1608615406489&other_urls=https%3A%2F%2Fregistry.npm.taobao.org%2Fbuiltin-modules%2Fdownload%2Fbuiltin-modules-1.1.1.tgz#270f076c5a72c02f5b65a47df94c5fe3a278892f"
    integrity sha1-Jw8HbFpywC9bZaR9+Uxf46J4iS8=
  
  chalk@^2.0.0, chalk@^2.3.0:
    version "2.4.2"
    resolved "https://registry.nlark.com/chalk/download/chalk-2.4.2.tgz?cache=0&sync_timestamp=1618995297666&other_urls=https%3A%2F%2Fregistry.nlark.com%2Fchalk%2Fdownload%2Fchalk-2.4.2.tgz#cd42541677a54333cf541a49108c1432b44c9424"
    integrity sha1-zUJUFnelQzPPVBpJEIwUMrRMlCQ=
    dependencies:
      ansi-styles "^3.2.1"
      escape-string-regexp "^1.0.5"
      supports-color "^5.3.0"
  
  color-convert@^1.9.0:
    version "1.9.3"
    resolved "https://registry.npm.taobao.org/color-convert/download/color-convert-1.9.3.tgz#bb71850690e1f136567de629d2d5471deda4c1e8"
    integrity sha1-u3GFBpDh8TZWfeYp0tVHHe2kweg=
    dependencies:
      color-name "1.1.3"
  
  color-name@1.1.3:
    version "1.1.3"
    resolved "https://registry.npm.taobao.org/color-name/download/color-name-1.1.3.tgz#a7d0558bd89c42f795dd42328f740831ca53bc25"
    integrity sha1-p9BVi9icQveV3UIyj3QIMcpTvCU=
  
  commander@^2.12.1:
    version "2.20.3"
    resolved "https://registry.npm.taobao.org/commander/download/commander-2.20.3.tgz?cache=0&other_urls=https%3A%2F%2Fregistry.npm.taobao.org%2Fcommander%2Fdownload%2Fcommander-2.20.3.tgz#fd485e84c03eb4881c20722ba48035e8531aeb33"
    integrity sha1-/UhehMA+tIgcIHIrpIA16FMa6zM=
  
  concat-map@0.0.1:
    version "0.0.1"
    resolved "https://registry.nlark.com/concat-map/download/concat-map-0.0.1.tgz#d8a96bd77fd68df7793a73036a3ba0d5405d477b"
    integrity sha1-2Klr13/Wjfd5OnMDajug1UBdR3s=
  
  "definitelytyped-header-parser@github:Microsoft/definitelytyped-header-parser#production":
    version "0.0.0"
    resolved "https://codeload.github.com/Microsoft/definitelytyped-header-parser/tar.gz/d957ad0bb2f4ecb60ac04f734e0b38fbc8e70b8a"
    dependencies:
      "@types/parsimmon" "^1.3.0"
      parsimmon "^1.2.0"
  
  diff@^4.0.1:
    version "4.0.2"
    resolved "https://registry.npm.taobao.org/diff/download/diff-4.0.2.tgz#60f3aecb89d5fae520c11aa19efc2bb982aade7d"
    integrity sha1-YPOuy4nV+uUgwRqhnvwruYKq3n0=
  
  dtslint@^0.3.0:
    version "0.3.0"
    resolved "https://registry.nlark.com/dtslint/download/dtslint-0.3.0.tgz#918e664a6f7e1f54ba22088daa2bc6e64a6001c1"
    integrity sha1-kY5mSm9+H1S6IgiNqivG5kpgAcE=
    dependencies:
      definitelytyped-header-parser Microsoft/definitelytyped-header-parser#production
      fs-promise "^2.0.0"
      strip-json-comments "^2.0.1"
      tslint "^5.9.1"
      typescript next
  
  escape-string-regexp@^1.0.5:
    version "1.0.5"
    resolved "https://registry.npm.taobao.org/escape-string-regexp/download/escape-string-regexp-1.0.5.tgz?cache=0&sync_timestamp=1618677179364&other_urls=https%3A%2F%2Fregistry.npm.taobao.org%2Fescape-string-regexp%2Fdownload%2Fescape-string-regexp-1.0.5.tgz#1b61c0562190a8dff6ae3bb2cf0200ca130b86d4"
    integrity sha1-G2HAViGQqN/2rjuyzwIAyhMLhtQ=
  
  esprima@^4.0.0:
    version "4.0.1"
    resolved "https://registry.npm.taobao.org/esprima/download/esprima-4.0.1.tgz?cache=0&other_urls=https%3A%2F%2Fregistry.npm.taobao.org%2Fesprima%2Fdownload%2Fesprima-4.0.1.tgz#13b04cdb3e6c5d19df91ab6987a8695619b0aa71"
    integrity sha1-E7BM2z5sXRnfkatph6hpVhmwqnE=
  
  fs-extra@^2.0.0:
    version "2.1.2"
    resolved "https://registry.nlark.com/fs-extra/download/fs-extra-2.1.2.tgz#046c70163cef9aad46b0e4a7fa467fb22d71de35"
    integrity sha1-BGxwFjzvmq1GsOSn+kZ/si1x3jU=
    dependencies:
      graceful-fs "^4.1.2"
      jsonfile "^2.1.0"
  
  fs-promise@^2.0.0:
    version "2.0.3"
    resolved "https://registry.npm.taobao.org/fs-promise/download/fs-promise-2.0.3.tgz#f64e4f854bcf689aa8bddcba268916db3db46854"
    integrity sha1-9k5PhUvPaJqovdy6JokW2z20aFQ=
    dependencies:
      any-promise "^1.3.0"
      fs-extra "^2.0.0"
      mz "^2.6.0"
      thenify-all "^1.6.0"
  
  fs.realpath@^1.0.0:
    version "1.0.0"
    resolved "https://registry.npm.taobao.org/fs.realpath/download/fs.realpath-1.0.0.tgz#1504ad2523158caa40db4a2787cb01411994ea4f"
    integrity sha1-FQStJSMVjKpA20onh8sBQRmU6k8=
  
  function-bind@^1.1.1:
    version "1.1.1"
    resolved "https://registry.npm.taobao.org/function-bind/download/function-bind-1.1.1.tgz#a56899d3ea3c9bab874bb9773b7c5ede92f4895d"
    integrity sha1-pWiZ0+o8m6uHS7l3O3xe3pL0iV0=
  
  glob@^7.1.1:
    version "7.1.7"
    resolved "https://registry.nlark.com/glob/download/glob-7.1.7.tgz?cache=0&sync_timestamp=1620337555606&other_urls=https%3A%2F%2Fregistry.nlark.com%2Fglob%2Fdownload%2Fglob-7.1.7.tgz#3b193e9233f01d42d0b3f78294bbeeb418f94a90"
    integrity sha1-Oxk+kjPwHULQs/eClLvutBj5SpA=
    dependencies:
      fs.realpath "^1.0.0"
      inflight "^1.0.4"
      inherits "2"
      minimatch "^3.0.4"
      once "^1.3.0"
      path-is-absolute "^1.0.0"
  
  graceful-fs@^4.1.2, graceful-fs@^4.1.6:
    version "4.2.6"
    resolved "https://registry.npm.taobao.org/graceful-fs/download/graceful-fs-4.2.6.tgz#ff040b2b0853b23c3d31027523706f1885d76bee"
    integrity sha1-/wQLKwhTsjw9MQJ1I3BvGIXXa+4=
  
  has-flag@^3.0.0:
    version "3.0.0"
    resolved "https://registry.npm.taobao.org/has-flag/download/has-flag-3.0.0.tgz?cache=0&sync_timestamp=1618559676170&other_urls=https%3A%2F%2Fregistry.npm.taobao.org%2Fhas-flag%2Fdownload%2Fhas-flag-3.0.0.tgz#b5d454dc2199ae225699f3467e5a07f3b955bafd"
    integrity sha1-tdRU3CGZriJWmfNGfloH87lVuv0=
  
  has@^1.0.3:
    version "1.0.3"
    resolved "https://registry.npm.taobao.org/has/download/has-1.0.3.tgz#722d7cbfc1f6aa8241f16dd814e011e1f41e8796"
    integrity sha1-ci18v8H2qoJB8W3YFOAR4fQeh5Y=
    dependencies:
      function-bind "^1.1.1"
  
  inflight@^1.0.4:
    version "1.0.6"
    resolved "https://registry.nlark.com/inflight/download/inflight-1.0.6.tgz#49bd6331d7d02d0c09bc910a1075ba8165b56df9"
    integrity sha1-Sb1jMdfQLQwJvJEKEHW6gWW1bfk=
    dependencies:
      once "^1.3.0"
      wrappy "1"
  
  inherits@2:
    version "2.0.4"
    resolved "https://registry.npm.taobao.org/inherits/download/inherits-2.0.4.tgz?cache=0&other_urls=https%3A%2F%2Fregistry.npm.taobao.org%2Finherits%2Fdownload%2Finherits-2.0.4.tgz#0fa2c64f932917c3433a0ded55363aae37416b7c"
    integrity sha1-D6LGT5MpF8NDOg3tVTY6rjdBa3w=
  
  is-core-module@^2.2.0:
    version "2.4.0"
    resolved "https://registry.nlark.com/is-core-module/download/is-core-module-2.4.0.tgz?cache=0&sync_timestamp=1620592570629&other_urls=https%3A%2F%2Fregistry.nlark.com%2Fis-core-module%2Fdownload%2Fis-core-module-2.4.0.tgz#8e9fc8e15027b011418026e98f0e6f4d86305cc1"
    integrity sha1-jp/I4VAnsBFBgCbpjw5vTYYwXME=
    dependencies:
      has "^1.0.3"
  
  js-tokens@^4.0.0:
    version "4.0.0"
    resolved "https://registry.nlark.com/js-tokens/download/js-tokens-4.0.0.tgz#19203fb59991df98e3a287050d4647cdeaf32499"
    integrity sha1-GSA/tZmR35jjoocFDUZHzerzJJk=
  
  js-yaml@^3.13.1:
    version "3.14.1"
    resolved "https://registry.nlark.com/js-yaml/download/js-yaml-3.14.1.tgz?cache=0&sync_timestamp=1618847165988&other_urls=https%3A%2F%2Fregistry.nlark.com%2Fjs-yaml%2Fdownload%2Fjs-yaml-3.14.1.tgz#dae812fdb3825fa306609a8717383c50c36a0537"
    integrity sha1-2ugS/bOCX6MGYJqHFzg8UMNqBTc=
    dependencies:
      argparse "^1.0.7"
      esprima "^4.0.0"
  
  jsonfile@^2.1.0:
    version "2.4.0"
    resolved "https://registry.nlark.com/jsonfile/download/jsonfile-2.4.0.tgz?cache=0&sync_timestamp=1618846895804&other_urls=https%3A%2F%2Fregistry.nlark.com%2Fjsonfile%2Fdownload%2Fjsonfile-2.4.0.tgz#3736a2b428b87bbda0cc83b53fa3d633a35c2ae8"
    integrity sha1-NzaitCi4e72gzIO1P6PWM6NcKug=
    optionalDependencies:
      graceful-fs "^4.1.6"
  
  minimatch@^3.0.4:
    version "3.0.4"
    resolved "https://registry.nlark.com/minimatch/download/minimatch-3.0.4.tgz#5166e286457f03306064be5497e8dbb0c3d32083"
    integrity sha1-UWbihkV/AzBgZL5Ul+jbsMPTIIM=
    dependencies:
      brace-expansion "^1.1.7"
  
  minimist@^1.2.5:
    version "1.2.5"
    resolved "https://registry.npm.taobao.org/minimist/download/minimist-1.2.5.tgz#67d66014b66a6a8aaa0c083c5fd58df4e4e97602"
    integrity sha1-Z9ZgFLZqaoqqDAg8X9WN9OTpdgI=
  
  mkdirp@^0.5.1:
    version "0.5.5"
    resolved "https://registry.npm.taobao.org/mkdirp/download/mkdirp-0.5.5.tgz?cache=0&sync_timestamp=1587535418745&other_urls=https%3A%2F%2Fregistry.npm.taobao.org%2Fmkdirp%2Fdownload%2Fmkdirp-0.5.5.tgz#d91cefd62d1436ca0f41620e251288d420099def"
    integrity sha1-2Rzv1i0UNsoPQWIOJRKI1CAJne8=
    dependencies:
      minimist "^1.2.5"
  
  mz@^2.6.0:
    version "2.7.0"
    resolved "https://registry.npm.taobao.org/mz/download/mz-2.7.0.tgz#95008057a56cafadc2bc63dde7f9ff6955948e32"
    integrity sha1-lQCAV6Vsr63CvGPd5/n/aVWUjjI=
    dependencies:
      any-promise "^1.0.0"
      object-assign "^4.0.1"
      thenify-all "^1.0.0"
  
  object-assign@^4.0.1:
    version "4.1.1"
    resolved "https://registry.npm.taobao.org/object-assign/download/object-assign-4.1.1.tgz?cache=0&other_urls=https%3A%2F%2Fregistry.npm.taobao.org%2Fobject-assign%2Fdownload%2Fobject-assign-4.1.1.tgz#2109adc7965887cfc05cbbd442cac8bfbb360863"
    integrity sha1-IQmtx5ZYh8/AXLvUQsrIv7s2CGM=
  
  once@^1.3.0:
    version "1.4.0"
    resolved "https://registry.nlark.com/once/download/once-1.4.0.tgz#583b1aa775961d4b113ac17d9c50baef9dd76bd1"
    integrity sha1-WDsap3WWHUsROsF9nFC6753Xa9E=
    dependencies:
      wrappy "1"
  
  parsimmon@^1.2.0:
    version "1.17.0"
    resolved "https://registry.nlark.com/parsimmon/download/parsimmon-1.17.0.tgz#520bfaf5d80677cf74d9d2a586b6a503a29223b5"
    integrity sha1-Ugv69dgGd8902dKlhralA6KSI7U=
  
  path-is-absolute@^1.0.0:
    version "1.0.1"
    resolved "https://registry.npm.taobao.org/path-is-absolute/download/path-is-absolute-1.0.1.tgz#174b9268735534ffbc7ace6bf53a5a9e1b5c5f5f"
    integrity sha1-F0uSaHNVNP+8es5r9TpanhtcX18=
  
  path-parse@^1.0.6:
    version "1.0.6"
    resolved "https://registry.npm.taobao.org/path-parse/download/path-parse-1.0.6.tgz#d62dbb5679405d72c4737ec58600e9ddcf06d24c"
    integrity sha1-1i27VnlAXXLEc37FhgDp3c8G0kw=
  
  resolve@^1.3.2:
    version "1.20.0"
    resolved "https://registry.npm.taobao.org/resolve/download/resolve-1.20.0.tgz#629a013fb3f70755d6f0b7935cc1c2c5378b1975"
    integrity sha1-YpoBP7P3B1XW8LeTXMHCxTeLGXU=
    dependencies:
      is-core-module "^2.2.0"
      path-parse "^1.0.6"
  
  semver@^5.3.0:
    version "5.7.1"
    resolved "https://registry.nlark.com/semver/download/semver-5.7.1.tgz?cache=0&sync_timestamp=1618846864940&other_urls=https%3A%2F%2Fregistry.nlark.com%2Fsemver%2Fdownload%2Fsemver-5.7.1.tgz#a954f931aeba508d307bbf069eff0c01c96116f7"
    integrity sha1-qVT5Ma66UI0we78Gnv8MAclhFvc=
  
  sprintf-js@~1.0.2:
    version "1.0.3"
    resolved "https://registry.npm.taobao.org/sprintf-js/download/sprintf-js-1.0.3.tgz#04e6926f662895354f3dd015203633b857297e2c"
    integrity sha1-BOaSb2YolTVPPdAVIDYzuFcpfiw=
  
  strip-json-comments@^2.0.1:
    version "2.0.1"
    resolved "https://registry.npm.taobao.org/strip-json-comments/download/strip-json-comments-2.0.1.tgz#3c531942e908c2697c0ec344858c286c7ca0a60a"
    integrity sha1-PFMZQukIwml8DsNEhYwobHygpgo=
  
  supports-color@^5.3.0:
    version "5.5.0"
    resolved "https://registry.npm.taobao.org/supports-color/download/supports-color-5.5.0.tgz?cache=0&sync_timestamp=1618561027869&other_urls=https%3A%2F%2Fregistry.npm.taobao.org%2Fsupports-color%2Fdownload%2Fsupports-color-5.5.0.tgz#e2e69a44ac8772f78a1ec0b35b689df6530efc8f"
    integrity sha1-4uaaRKyHcveKHsCzW2id9lMO/I8=
    dependencies:
      has-flag "^3.0.0"
  
  thenify-all@^1.0.0, thenify-all@^1.6.0:
    version "1.6.0"
    resolved "https://registry.npm.taobao.org/thenify-all/download/thenify-all-1.6.0.tgz#1a1918d402d8fc3f98fbf234db0bcc8cc10e9726"
    integrity sha1-GhkY1ALY/D+Y+/I02wvMjMEOlyY=
    dependencies:
      thenify ">= 3.1.0 < 4"
  
  "thenify@>= 3.1.0 < 4":
    version "3.3.1"
    resolved "https://registry.npm.taobao.org/thenify/download/thenify-3.3.1.tgz#8932e686a4066038a016dd9e2ca46add9838a95f"
    integrity sha1-iTLmhqQGYDigFt2eLKRq3Zg4qV8=
    dependencies:
      any-promise "^1.0.0"
  
  tslib@^1.8.0, tslib@^1.8.1:
    version "1.14.1"
    resolved "https://registry.nlark.com/tslib/download/tslib-1.14.1.tgz?cache=0&sync_timestamp=1618846927033&other_urls=https%3A%2F%2Fregistry.nlark.com%2Ftslib%2Fdownload%2Ftslib-1.14.1.tgz#cf2d38bdc34a134bcaf1091c41f6619e2f672d00"
    integrity sha1-zy04vcNKE0vK8QkcQfZhni9nLQA=
  
  tslint@^5.9.1:
    version "5.20.1"
    resolved "https://registry.npm.taobao.org/tslint/download/tslint-5.20.1.tgz#e401e8aeda0152bc44dd07e614034f3f80c67b7d"
    integrity sha1-5AHortoBUrxE3QfmFANPP4DGe30=
    dependencies:
      "@babel/code-frame" "^7.0.0"
      builtin-modules "^1.1.1"
      chalk "^2.3.0"
      commander "^2.12.1"
      diff "^4.0.1"
      glob "^7.1.1"
      js-yaml "^3.13.1"
      minimatch "^3.0.4"
      mkdirp "^0.5.1"
      resolve "^1.3.2"
      semver "^5.3.0"
      tslib "^1.8.0"
      tsutils "^2.29.0"
  
  tsutils@^2.29.0:
    version "2.29.0"
    resolved "https://registry.npm.taobao.org/tsutils/download/tsutils-2.29.0.tgz?cache=0&sync_timestamp=1615138068192&other_urls=https%3A%2F%2Fregistry.npm.taobao.org%2Ftsutils%2Fdownload%2Ftsutils-2.29.0.tgz#32b488501467acbedd4b85498673a0812aca0b99"
    integrity sha1-MrSIUBRnrL7dS4VJhnOggSrKC5k=
    dependencies:
      tslib "^1.8.1"
  
  typescript@^2.4.2:
    version "2.9.2"
    resolved "https://registry.nlark.com/typescript/download/typescript-2.9.2.tgz?cache=0&sync_timestamp=1621236241238&other_urls=https%3A%2F%2Fregistry.nlark.com%2Ftypescript%2Fdownload%2Ftypescript-2.9.2.tgz#1cbf61d05d6b96269244eb6a3bce4bd914e0f00c"
    integrity sha1-HL9h0F1rliaSROtqO85L2RTg8Aw=
  
  typescript@next:
    version "4.4.0-dev.20210517"
    resolved "https://registry.nlark.com/typescript/download/typescript-4.4.0-dev.20210517.tgz?cache=0&sync_timestamp=1621236241238&other_urls=https%3A%2F%2Fregistry.nlark.com%2Ftypescript%2Fdownload%2Ftypescript-4.4.0-dev.20210517.tgz#54a07982fe2e16086c96f1f783aebad76df9a8ff"
    integrity sha1-VKB5gv4uFghslvH3g6661235qP8=
  
  uglify-js@^3.0.26:
    version "3.13.6"
    resolved "https://registry.nlark.com/uglify-js/download/uglify-js-3.13.6.tgz#6815ac7fdd155d03c83e2362bb717e5b39b74013"
    integrity sha1-aBWsf90VXQPIPiNiu3F+Wzm3QBM=
  
  wrappy@1:
    version "1.0.2"
    resolved "https://registry.nlark.com/wrappy/download/wrappy-1.0.2.tgz#b5243d8f3ec1aa35f1364605bc0d1036e30ab69f"
    integrity sha1-tSQ9jz7BqjXxNkYFvA0QNuMKtp8=
